{
  "RSpec": {
    "coverage": {
      "/Users/darrelrivera/Desktop/donors-choose-wireframe/app/controllers/application_controller.rb": [
        1,
        1,
        null
      ],
      "/Users/darrelrivera/Desktop/donors-choose-wireframe/app/helpers/application_helper.rb": [
        1,
        null
      ],
      "/Users/darrelrivera/Desktop/donors-choose-wireframe/app/helpers/challenges_helper.rb": [
        1,
        null
      ],
      "/Users/darrelrivera/Desktop/donors-choose-wireframe/app/helpers/projects_helper.rb": [
        1,
        null,
        null,
        null,
        null,
        null,
        null,
        null,
        null,
        null,
        null,
        null,
        null,
        null,
        null,
        null,
        null,
        null,
        null
      ],
      "/Users/darrelrivera/Desktop/donors-choose-wireframe/app/controllers/challenges_controller.rb": [
        1,
        1,
        null,
        1,
        5,
        null,
        null,
        1,
        3,
        3,
        1,
        1,
        null,
        2,
        2,
        null,
        null,
        null,
        1,
        8,
        null,
        null
      ],
      "/Users/darrelrivera/Desktop/donors-choose-wireframe/app/models/challenge.rb": [
        1,
        1,
        null,
        null,
        1,
        1,
        1,
        null,
        1,
        1,
        1,
        null,
        1,
        null,
        1,
        11,
        11,
        11,
        null,
        null,
        1,
        3,
        3,
        3,
        null,
        null,
        1,
        null,
        1,
        9,
        1,
        null,
        null,
        null
      ],
      "/Users/darrelrivera/Desktop/donors-choose-wireframe/app/controllers/messages_controller.rb": [
        1,
        1,
        1,
        1,
        1,
        1,
        null,
        null
      ],
      "/Users/darrelrivera/Desktop/donors-choose-wireframe/app/models/message.rb": [
        1,
        1,
        null,
        1,
        null,
        1,
        1,
        1,
        null
      ],
      "/Users/darrelrivera/Desktop/donors-choose-wireframe/app/controllers/pages_controller.rb": [
        1,
        1,
        null,
        null
      ],
      "/Users/darrelrivera/Desktop/donors-choose-wireframe/app/controllers/projects_controller.rb": [
        1,
        1,
        4,
        4,
        null,
        null,
        1,
        3,
        3,
        3,
        3,
        2,
        2,
        null,
        1,
        null,
        3,
        null,
        null,
        1,
        12,
        12,
        12,
        null,
        null
      ],
      "/Users/darrelrivera/Desktop/donors-choose-wireframe/app/models/project.rb": [
        1,
        1,
        1,
        null,
        1,
        4,
        4,
        4,
        100,
        null,
        4,
        null,
        null
      ],
      "/Users/darrelrivera/Desktop/donors-choose-wireframe/app/jobs/project_importer.rb": [
        1,
        1,
        null,
        1,
        2,
        2,
        2,
        2,
        2,
        2,
        null,
        null,
        null,
        1,
        2,
        2,
        2,
        2,
        2,
        null,
        null,
        null,
        null
      ],
      "/Users/darrelrivera/Desktop/donors-choose-wireframe/app/models/challenge_creation_event.rb": [
        1,
        1,
        null
      ],
      "/Users/darrelrivera/Desktop/donors-choose-wireframe/app/models/challenge_met_event.rb": [
        1,
        1,
        null
      ],
      "/Users/darrelrivera/Desktop/donors-choose-wireframe/app/models/feed.rb": [
        1,
        1,
        null,
        1,
        6,
        6,
        6,
        null,
        null,
        1,
        3,
        null,
        null,
        1,
        5,
        9,
        9,
        null,
        5,
        null,
        null
      ]
    },
    "timestamp": 1342479220
  }
}
