{
  "RSpec": {
    "coverage": {
      "/Users/darrelrivera/Desktop/donors-choose-wireframe/config/environment.rb": [
        null,
        1,
        null,
        null,
        1
      ],
      "/Users/darrelrivera/Desktop/donors-choose-wireframe/config/application.rb": [
        1,
        null,
        1,
        null,
        1,
        null,
        1,
        null,
        null,
        null,
        null,
        1,
        1,
        null,
        null,
        null,
        null,
        null,
        null,
        null,
        null,
        null,
        null,
        null,
        null,
        null,
        null,
        null,
        null,
        null,
        null,
        null,
        null,
        null,
        null,
        null,
        1,
        null,
        null,
        1,
        null,
        null,
        1,
        null,
        null,
        null,
        null,
        null,
        null,
        null,
        null,
        null,
        null,
        1,
        null,
        null,
        1,
        null,
        null,
        1,
        null,
        null
      ],
      "/Users/darrelrivera/Desktop/donors-choose-wireframe/config/boot.rb": [
        1,
        null,
        null,
        1,
        null,
        1
      ],
      "/Users/darrelrivera/Desktop/donors-choose-wireframe/config/environments/test.rb": [
        1,
        null,
        null,
        null,
        null,
        null,
        null,
        1,
        null,
        null,
        1,
        1,
        null,
        null,
        1,
        null,
        null,
        1,
        1,
        null,
        null,
        1,
        null,
        null,
        1,
        null,
        null,
        null,
        null,
        1,
        null,
        null,
        1,
        null,
        null,
        1,
        null
      ],
      "/Users/darrelrivera/Desktop/donors-choose-wireframe/config/initializers/backtrace_silencers.rb": [
        null,
        null,
        null,
        null,
        null,
        null,
        null
      ],
      "/Users/darrelrivera/Desktop/donors-choose-wireframe/config/initializers/inflections.rb": [
        null,
        null,
        null,
        null,
        null,
        null,
        null,
        null,
        null,
        null,
        null,
        null,
        null,
        null,
        null
      ],
      "/Users/darrelrivera/Desktop/donors-choose-wireframe/config/initializers/mime_types.rb": [
        null,
        null,
        null,
        null,
        null
      ],
      "/Users/darrelrivera/Desktop/donors-choose-wireframe/config/initializers/secret_token.rb": [
        null,
        null,
        null,
        null,
        null,
        null,
        1
      ],
      "/Users/darrelrivera/Desktop/donors-choose-wireframe/config/initializers/session_store.rb": [
        null,
        null,
        1,
        null,
        null,
        null,
        null,
        null
      ],
      "/Users/darrelrivera/Desktop/donors-choose-wireframe/config/initializers/wrap_parameters.rb": [
        null,
        null,
        null,
        null,
        null,
        null,
        1,
        1,
        null,
        null,
        null,
        1,
        1,
        null
      ],
      "/Users/darrelrivera/Desktop/donors-choose-wireframe/app/controllers/application_controller.rb": [
        1,
        1,
        null
      ],
      "/Users/darrelrivera/Desktop/donors-choose-wireframe/app/helpers/application_helper.rb": [
        1,
        null
      ],
      "/Users/darrelrivera/Desktop/donors-choose-wireframe/app/helpers/challenges_helper.rb": [
        1,
        null
      ],
      "/Users/darrelrivera/Desktop/donors-choose-wireframe/app/helpers/projects_helper.rb": [
        1,
        null
      ],
      "/Users/darrelrivera/Desktop/donors-choose-wireframe/app/controllers/challenges_controller.rb": [
        1,
        1,
        null,
        null
      ],
      "/Users/darrelrivera/Desktop/donors-choose-wireframe/app/controllers/pages_controller.rb": [
        1,
        1,
        null,
        null
      ],
      "/Users/darrelrivera/Desktop/donors-choose-wireframe/app/controllers/projects_controller.rb": [
        1,
        1,
        2,
        null,
        null,
        1,
        1,
        1,
        1,
        1,
        1,
        null,
        1,
        null,
        null,
        1,
        3,
        null,
        null
      ],
      "/Users/darrelrivera/Desktop/donors-choose-wireframe/app/models/project.rb": [
        1,
        null,
        1,
        1,
        1,
        1,
        25,
        null,
        1,
        null,
        null
      ],
      "/Users/darrelrivera/Desktop/donors-choose-wireframe/spec/factories/projects.rb": [
        null,
        null,
        1,
        1,
        1,
        null,
        null
      ],
      "/Users/darrelrivera/Desktop/donors-choose-wireframe/config/routes.rb": [
        1,
        1,
        1,
        1,
        null
      ],
      "/Users/darrelrivera/Desktop/donors-choose-wireframe/spec/models/project_spec.rb": [
        1,
        null,
        1,
        null
      ],
      "/Users/darrelrivera/Desktop/donors-choose-wireframe/spec/requests/challenges_request_spec.rb": [
        1,
        null,
        1,
        null,
        1,
        3,
        3,
        null,
        1,
        1,
        null,
        null,
        1,
        1,
        1,
        1,
        null,
        null,
        null,
        null,
        1,
        2,
        null,
        1,
        1,
        null,
        null,
        null
      ],
      "/Users/darrelrivera/Desktop/donors-choose-wireframe/spec/requests/projects_request_spec.rb": [
        1,
        null,
        1,
        null,
        1,
        3,
        null,
        1,
        1,
        null,
        null,
        1,
        1,
        1,
        1,
        null,
        null,
        null,
        null
      ]
    },
    "timestamp": 1342102975
  }
}
